#
# There is insufficient memory for the Java Runtime Environment to continue.
# Native memory allocation (malloc) failed to allocate 1048576 bytes for E in C:\jdk7u1_64p\jdk7u7\hotspot\src\share\vm\utilities/taskqueue.hpp
# Possible reasons:
#   The system is out of physical RAM or swap space
#   In 32 bit mode, the process size limit was hit
# Possible solutions:
#   Reduce memory load on the system
#   Increase physical memory or swap space
#   Check if swap backing store is full
#   Use 64 bit Java on a 64 bit OS
#   Decrease Java heap size (-Xmx/-Xms)
#   Decrease number of Java threads
#   Decrease Java thread stack sizes (-Xss)
#   Set larger code cache with -XX:ReservedCodeCacheSize=
# This output file may be truncated or incomplete.
#
#  Out of Memory Error (memory/allocation.inline.hpp:58), pid=12652, tid=11540
#
# JRE version: 7.0_07-b10
# Java VM: Java HotSpot(TM) 64-Bit Server VM (23.3-b01 mixed mode windows-amd64 compressed oops)
# Failed to write core dump. Minidumps are not enabled by default on client versions of Windows
#

---------------  T H R E A D  ---------------

Current thread (0x000000000221e800):  JavaThread "Unknown thread" [_thread_in_vm, id=11540, stack(0x0000000002900000,0x0000000002a00000)]

Stack: [0x0000000002900000,0x0000000002a00000]

---------------  P R O C E S S  ---------------

Java Threads: ( => current thread )

Other Threads:

=>0x000000000221e800 (exited) JavaThread "Unknown thread" [_thread_in_vm, id=11540, stack(0x0000000002900000,0x0000000002a00000)]

VM state:not at safepoint (normal execution)

VM Mutex/Monitor currently owned by a thread: None

Heap
 PSYoungGen      total 28160K, used 483K [0x00000000e0960000, 0x00000000e28c0000, 0x0000000100000000)
  eden space 24192K, 2% used [0x00000000e0960000,0x00000000e09d8fc8,0x00000000e2100000)
  from space 3968K, 0% used [0x00000000e24e0000,0x00000000e24e0000,0x00000000e28c0000)
  to   space 3968K, 0% used [0x00000000e2100000,0x00000000e2100000,0x00000000e24e0000)
 ParOldGen       total 64320K, used 0K [0x00000000a1c00000, 0x00000000a5ad0000, 0x00000000e0960000)
  object space 64320K, 0% used [0x00000000a1c00000,0x00000000a1c00000,0x00000000a5ad0000)
 PSPermGen       total 21248K, used 697K [0x000000009ca00000, 0x000000009dec0000, 0x00000000a1c00000)
  object space 21248K, 3% used [0x000000009ca00000,0x000000009caae5a8,0x000000009dec0000)

Card table byte_map: [0x0000000005a00000,0x0000000005d20000] byte_map_base: 0x000000000551b000

Polling page: 0x0000000000140000

Code Cache  [0x0000000002a00000, 0x0000000002c70000, 0x0000000005a00000)
 total_blobs=39 nmethods=0 adapters=20 free_code_cache=48889Kb largest_free_block=50062912

Compilation events (0 events):
No events

GC Heap History (0 events):
No events

Deoptimization events (0 events):
No events

Internal exceptions (0 events):
No events

Events (10 events):
Event: 0.013 loading class 0x00000000025fb350
Event: 0.013 loading class 0x00000000025fb350 done
Event: 0.013 loading class 0x00000000025fb3b0
Event: 0.013 loading class 0x00000000025fb3b0 done
Event: 0.013 loading class 0x00000000025fb3e0
Event: 0.013 loading class 0x00000000025fb3e0 done
Event: 0.013 loading class 0x00000000025fc980
Event: 0.013 loading class 0x00000000025fc980 done
Event: 0.013 loading class 0x00000000025b1d80
Event: 0.013 loading class 0x00000000025b1d80 done


Dynamic libraries:
0x000000013f9c0000 - 0x000000013f9f3000 	C:\Program Files\Java\jdk1.7.0_07\jre\bin\java.exe
0x0000000077aa0000 - 0x0000000077c49000 	C:\Windows\SYSTEM32\ntdll.dll
0x0000000077720000 - 0x000000007783f000 	C:\Windows\system32\kernel32.dll
0x000007fefe260000 - 0x000007fefe2cb000 	C:\Windows\system32\KERNELBASE.dll
0x000007feff940000 - 0x000007feffa1b000 	C:\Windows\system32\ADVAPI32.dll
0x000007fefe2d0000 - 0x000007fefe36f000 	C:\Windows\system32\msvcrt.dll
0x000007fefe750000 - 0x000007fefe76f000 	C:\Windows\SYSTEM32\sechost.dll
0x000007fefe620000 - 0x000007fefe74d000 	C:\Windows\system32\RPCRT4.dll
0x00000000779a0000 - 0x0000000077a9a000 	C:\Windows\system32\USER32.dll
0x000007feff8a0000 - 0x000007feff907000 	C:\Windows\system32\GDI32.dll
0x000007fefe4b0000 - 0x000007fefe4be000 	C:\Windows\system32\LPK.dll
0x000007feffc60000 - 0x000007feffd29000 	C:\Windows\system32\USP10.dll
0x000007fefc860000 - 0x000007fefca54000 	C:\Windows\WinSxS\amd64_microsoft.windows.common-controls_6595b64144ccf1df_6.0.7601.17514_none_fa396087175ac9ac\COMCTL32.dll
0x000007feffd30000 - 0x000007feffda1000 	C:\Windows\system32\SHLWAPI.dll
0x000007feff910000 - 0x000007feff93e000 	C:\Windows\system32\IMM32.DLL
0x000007fefe4c0000 - 0x000007fefe5c9000 	C:\Windows\system32\MSCTF.dll
0x000007fefdeb0000 - 0x000007fefdef4000 	C:\windows\system32\nvinitx.dll
0x000000000f000000 - 0x000000000f006000 	C:\Program Files\NVIDIA Corporation\CoProcManager\_etoured.dll
0x000007fefa5c0000 - 0x000007fefa605000 	C:\Program Files\NVIDIA Corporation\CoProcManager\nvd3d9wrapx.dll
0x000007feffa20000 - 0x000007feffbf7000 	C:\Windows\system32\SETUPAPI.dll
0x000007fefdfb0000 - 0x000007fefdfe6000 	C:\Windows\system32\CFGMGR32.dll
0x000007feff500000 - 0x000007feff5d7000 	C:\Windows\system32\OLEAUT32.dll
0x000007feff690000 - 0x000007feff893000 	C:\Windows\system32\ole32.dll
0x000007fefdff0000 - 0x000007fefe00a000 	C:\Windows\system32\DEVOBJ.dll
0x000007fefa460000 - 0x000007fefa497000 	C:\Program Files\NVIDIA Corporation\CoProcManager\nvdxgiwrapx.dll
0x00000000789c0000 - 0x0000000078a91000 	C:\Program Files\Java\jdk1.7.0_07\jre\bin\msvcr100.dll
0x000000006eaa0000 - 0x000000006f1bf000 	C:\Program Files\Java\jdk1.7.0_07\jre\bin\server\jvm.dll
0x000007fef8980000 - 0x000007fef8989000 	C:\Windows\system32\WSOCK32.dll
0x000007fefe5d0000 - 0x000007fefe61d000 	C:\Windows\system32\WS2_32.dll
0x000007feff600000 - 0x000007feff608000 	C:\Windows\system32\NSI.dll
0x000007fefbce0000 - 0x000007fefbd1b000 	C:\Windows\system32\WINMM.dll
0x0000000077c70000 - 0x0000000077c77000 	C:\Windows\system32\PSAPI.DLL
0x0000000057670000 - 0x000000005767f000 	C:\Program Files\Java\jdk1.7.0_07\jre\bin\verify.dll
0x0000000051ee0000 - 0x0000000051f08000 	C:\Program Files\Java\jdk1.7.0_07\jre\bin\java.dll
0x0000000052120000 - 0x0000000052135000 	C:\Program Files\Java\jdk1.7.0_07\jre\bin\zip.dll

VM Arguments:
java_command: C:\personal\lab\osgi\hello-world-rest-api-impl\target\surefire\surefirebooter8962466658355505167.jar C:\personal\lab\osgi\hello-world-rest-api-impl\target\surefire\surefire4389406125379286673tmp C:\personal\lab\osgi\hello-world-rest-api-impl\target\surefire\surefire5145896755646253623tmp
Launcher Type: SUN_STANDARD

Environment Variables:
JAVA_HOME=C:\Program Files\Java\jdk1.7.0_07
CLASSPATH=.;C:\Program Files (x86)\Java\jre6\lib\ext\QTJava.zip
PATH=C:\tools\maven\bin;C:\cygwin\usr\local\bin;C:\cygwin\bin;C:\Windows\system32;C:\Windows;C:\Windows\System32\Wbem;C:\Windows\System32\WindowsPowerShell\v1.0;C:\Program Files\Microsoft Windows Performance Toolkit;C:\Program Files (x86)\Microsoft SQL Server\100\Tools\Binn;C:\Program Files (x86)\Microsoft SQL Server\100\DTS\Binn;C:\Program Files\Perforce;C:\Windows\SysWOW64\~FDSTools;C:\Windows\SysWOW64\~FDSTools\SysinternalsSuite;C:\Program Files (x86)\Perforce;C:\Program Files (x86)\e\cmd;C:\Program Files (x86)\Microsoft SQL Server\100\Tools\Binn\VSShell\Common7\IDE;C:\Program Files\Microsoft SQL Server\100\Tools\Binn;C:\Program Files (x86)\Microsoft Visual Studio 9.0\Common7\IDE\PrivateAssemblies;C:\Program Files\Microsoft SQL Server\100\DTS\Binn;C:\Program Files (x86)\QuickTime\QTSystem;C:\Program Files (x86)\Groovy\Groovy-2.0.5\bin;C:\Program Files\Microsoft\Web Platform Installer;C:\Program Files (x86)\Microsoft ASP.NET\ASP.NET Web Pages\v1.0;C:\Program Files (x86)\Windows Kits\8.0\Windows Performance Toolkit;C:\Program Files\Microsoft SQL Server\110\Tools\Binn;C:\vagrant\vagrant\bin;C:\Program Files (x86)\scala\bin;C:\Program Files\nodejs;C:\Program Files (x86)\sbt;C:\Program Files (x86)\Google\Google Apps Sync;C:\Program Files (x86)\Google\Google Apps Migration;C:\Users\mcaprari\AppData\Roaming\npm
USERNAME=mcaprari
SHELL=/bin/zsh
OS=Windows_NT
PROCESSOR_IDENTIFIER=Intel64 Family 6 Model 58 Stepping 9, GenuineIntel



---------------  S Y S T E M  ---------------

OS: Windows 7 , 64 bit Build 7601 Service Pack 1

CPU:total 8 (4 cores per cpu, 2 threads per core) family 6 model 58 stepping 9, cmov, cx8, fxsr, mmx, sse, sse2, sse3, ssse3, sse4.1, sse4.2, popcnt, avx, ht, tsc, tscinvbit, tscinv

Memory: 4k page, physical 6171280k(844976k free), swap 8982672k(5320k free)

vm_info: Java HotSpot(TM) 64-Bit Server VM (23.3-b01) for windows-amd64 JRE (1.7.0_07-b10), built on Aug 28 2012 18:28:27 by "java_re" with unknown MS VC++:1600

time: Fri May 17 15:19:24 2013
elapsed time: 0 seconds

